[STDOUT]
pta².ptaptaileooțăpta

[STDERR]
[main] square-weight transpose mode: wq=off wk=off wv=off wo=off
[minxfmr] gguf meta layers=22 ctx=2048 embd=2048 head=32 head_kv=4
[gguf] loaded token embedding from 'token_embd.weight' rows=32000 cols=2048 type=q4_k min=-0.117399 max=0.150171 mean=-0.000005
[minxfmr] loaded token embedding rows=32000 cols=2048
[gguf] dequantized Wq from 'blk.0.attn_q.weight' rows=2048 cols=2048 type=q4_k min=-1.585190 max=1.030758 mean=-0.000012
[gguf] dequantized Wk from 'blk.0.attn_k.weight' rows=256 cols=2048 type=q4_k min=-3.106934 max=1.184326 mean=-0.000101
[gguf] dequantized Wv from 'blk.0.attn_v.weight' rows=256 cols=2048 type=q6_k min=-0.067406 max=0.062012 mean=0.000011
[gguf] loaded Wo from 'blk.0.attn_output.weight' rows=2048 cols=2048 type=q4_k min=-0.337177 max=0.369265 mean=-0.000001
[gguf] loaded attn_norm from 'blk.0.attn_norm.weight' rows=1 cols=2048 type=f32 min=-0.582031 max=0.769531 mean=0.005780
[gguf] loaded ffn_norm from 'blk.0.ffn_norm.weight' rows=1 cols=2048 type=f32 min=-0.000402 max=0.738281 mean=0.074584
[gguf] loaded Wffn_gate from 'blk.0.ffn_gate.weight' rows=5632 cols=2048 type=q4_k min=-0.493629 max=0.293089 mean=-0.000026
[gguf] loaded Wffn_up from 'blk.0.ffn_up.weight' rows=5632 cols=2048 type=q4_k min=-0.161860 max=0.170170 mean=-0.000006
[gguf] loaded Wffn_down from 'blk.0.ffn_down.weight' rows=2048 cols=5632 type=q6_k min=-0.523438 max=0.414062 mean=0.000004
[gguf] dequantized Wq from 'blk.1.attn_q.weight' rows=2048 cols=2048 type=q4_k min=-0.600815 max=0.546908 mean=-0.000004
[gguf] dequantized Wk from 'blk.1.attn_k.weight' rows=256 cols=2048 type=q4_k min=-0.630135 max=0.669956 mean=-0.000022
[gguf] dequantized Wv from 'blk.1.attn_v.weight' rows=256 cols=2048 type=q6_k min=-0.089844 max=0.088379 mean=0.000009
[gguf] loaded Wo from 'blk.1.attn_output.weight' rows=2048 cols=2048 type=q4_k min=-0.515739 max=0.359798 mean=-0.000006
[gguf] loaded attn_norm from 'blk.1.attn_norm.weight' rows=1 cols=2048 type=f32 min=-0.006958 max=0.550781 mean=0.040503
[gguf] loaded ffn_norm from 'blk.1.ffn_norm.weight' rows=1 cols=2048 type=f32 min=-0.000870 max=0.349609 mean=0.128381
[gguf] loaded Wffn_gate from 'blk.1.ffn_gate.weight' rows=5632 cols=2048 type=q4_k min=-0.481853 max=0.337145 mean=-0.000003
[gguf] loaded Wffn_up from 'blk.1.ffn_up.weight' rows=5632 cols=2048 type=q4_k min=-0.259312 max=0.251719 mean=-0.000008
[gguf] loaded Wffn_down from 'blk.1.ffn_down.weight' rows=2048 cols=5632 type=q6_k min=-0.574219 max=0.519531 mean=0.000002
[gguf] dequantized Wq from 'blk.2.attn_q.weight' rows=2048 cols=2048 type=q4_k min=-0.490505 max=0.502780 mean=0.000020
[gguf] dequantized Wk from 'blk.2.attn_k.weight' rows=256 cols=2048 type=q4_k min=-0.666183 max=0.565357 mean=0.000075
[gguf] dequantized Wv from 'blk.2.attn_v.weight' rows=256 cols=2048 type=q4_k min=-0.070476 max=0.068002 mean=-0.000018
[gguf] loaded Wo from 'blk.2.attn_output.weight' rows=2048 cols=2048 type=q4_k min=-0.588799 max=0.588522 mean=-0.000007
[gguf] loaded attn_norm from 'blk.2.attn_norm.weight' rows=1 cols=2048 type=f32 min=-0.000198 max=0.675781 mean=0.084601
[gguf] loaded ffn_norm from 'blk.2.ffn_norm.weight' rows=1 cols=2048 type=f32 min=-0.000473 max=0.240234 mean=0.167360
[gguf] loaded Wffn_gate from 'blk.2.ffn_gate.weight' rows=5632 cols=2048 type=q4_k min=-1.177597 max=0.963707 mean=-0.000051
[gguf] loaded Wffn_up from 'blk.2.ffn_up.weight' rows=5632 cols=2048 type=q4_k min=-0.411678 max=0.342931 mean=-0.000007
[gguf] loaded Wffn_down from 'blk.2.ffn_down.weight' rows=2048 cols=5632 type=q4_k min=-0.833450 max=0.532192 mean=-0.000000
[gguf] dequantized Wq from 'blk.3.attn_q.weight' rows=2048 cols=2048 type=q4_k min=-0.270126 max=0.326697 mean=-0.000026
[gguf] dequantized Wk from 'blk.3.attn_k.weight' rows=256 cols=2048 type=q4_k min=-0.410957 max=0.431297 mean=0.000068
[gguf] dequantized Wv from 'blk.3.attn_v.weight' rows=256 cols=2048 type=q4_k min=-0.070295 max=0.083329 mean=-0.000006
[gguf] loaded Wo from 'blk.3.attn_output.weight' rows=2048 cols=2048 type=q4_k min=-0.352318 max=0.346250 mean=0.000003
[gguf] loaded attn_norm from 'blk.3.attn_norm.weight' rows=1 cols=2048 type=f32 min=-0.000275 max=0.644531 mean=0.224348
[gguf] loaded ffn_norm from 'blk.3.ffn_norm.weight' rows=1 cols=2048 type=f32 min=-0.000340 max=0.219727 mean=0.184307
[gguf] loaded Wffn_gate from 'blk.3.ffn_gate.weight' rows=5632 cols=2048 type=q4_k min=-0.292717 max=0.365883 mean=-0.000053
[gguf] loaded Wffn_up from 'blk.3.ffn_up.weight' rows=5632 cols=2048 type=q4_k min=-0.352798 max=0.277332 mean=-0.000009
[gguf] loaded Wffn_down from 'blk.3.ffn_down.weight' rows=2048 cols=5632 type=q4_k min=-0.403267 max=0.630815 mean=0.000001
[gguf] dequantized Wq from 'blk.4.attn_q.weight' rows=2048 cols=2048 type=q4_k min=-0.320114 max=0.322635 mean=0.000001
[gguf] dequantized Wk from 'blk.4.attn_k.weight' rows=256 cols=2048 type=q4_k min=-0.469116 max=0.450278 mean=0.000040
[gguf] dequantized Wv from 'blk.4.attn_v.weight' rows=256 cols=2048 type=q6_k min=-0.077103 max=0.057129 mean=0.000030
[gguf] loaded Wo from 'blk.4.attn_output.weight' rows=2048 cols=2048 type=q4_k min=-0.303532 max=0.391905 mean=-0.000008
[gguf] loaded attn_norm from 'blk.4.attn_norm.weight' rows=1 cols=2048 type=f32 min=-0.000055 max=0.746094 mean=0.319938
[gguf] loaded ffn_norm from 'blk.4.ffn_norm.weight' rows=1 cols=2048 type=f32 min=-0.000252 max=0.219727 mean=0.197756
[gguf] loaded Wffn_gate from 'blk.4.ffn_gate.weight' rows=5632 cols=2048 type=q4_k min=-0.322037 max=0.386000 mean=-0.000042
[gguf] loaded Wffn_up from 'blk.4.ffn_up.weight' rows=5632 cols=2048 type=q4_k min=-0.200191 max=0.277523 mean=-0.000015
[gguf] loaded Wffn_down from 'blk.4.ffn_down.weight' rows=2048 cols=5632 type=q6_k min=-0.382812 max=0.554855 mean=-0.000001
[gguf] dequantized Wq from 'blk.5.attn_q.weight' rows=2048 cols=2048 type=q4_k min=-0.233717 max=0.281812 mean=-0.000030
[gguf] dequantized Wk from 'blk.5.attn_k.weight' rows=256 cols=2048 type=q4_k min=-0.373226 max=0.365536 mean=0.000006
[gguf] dequantized Wv from 'blk.5.attn_v.weight' rows=256 cols=2048 type=q4_k min=-0.102859 max=0.093271 mean=0.000002
[gguf] loaded Wo from 'blk.5.attn_output.weight' rows=2048 cols=2048 type=q4_k min=-0.339100 max=0.472601 mean=-0.000007
[gguf] loaded attn_norm from 'blk.5.attn_norm.weight' rows=1 cols=2048 type=f32 min=0.000070 max=0.753906 mean=0.279993
[gguf] loaded ffn_norm from 'blk.5.ffn_norm.weight' rows=1 cols=2048 type=f32 min=-0.000055 max=0.242188 mean=0.215957
[gguf] loaded Wffn_gate from 'blk.5.ffn_gate.weight' rows=5632 cols=2048 type=q4_k min=-0.445324 max=0.666697 mean=-0.000040
[gguf] loaded Wffn_up from 'blk.5.ffn_up.weight' rows=5632 cols=2048 type=q4_k min=-0.302090 max=0.336671 mean=0.000001
[gguf] loaded Wffn_down from 'blk.5.ffn_down.weight' rows=2048 cols=5632 type=q4_k min=-0.692619 max=0.333220 mean=0.000003
[gguf] dequantized Wq from 'blk.6.attn_q.weight' rows=2048 cols=2048 type=q4_k min=-0.333572 max=0.325485 mean=0.000001
[gguf] dequantized Wk from 'blk.6.attn_k.weight' rows=256 cols=2048 type=q4_k min=-0.359768 max=0.407386 mean=0.000109
[gguf] dequantized Wv from 'blk.6.attn_v.weight' rows=256 cols=2048 type=q4_k min=-0.066450 max=0.057581 mean=-0.000008
[gguf] loaded Wo from 'blk.6.attn_output.weight' rows=2048 cols=2048 type=q4_k min=-0.423935 max=0.421343 mean=0.000000
[gguf] loaded attn_norm from 'blk.6.attn_norm.weight' rows=1 cols=2048 type=f32 min=-0.000269 max=0.738281 mean=0.268049
[gguf] loaded ffn_norm from 'blk.6.ffn_norm.weight' rows=1 cols=2048 type=f32 min=-0.000042 max=0.248047 mean=0.225121
[gguf] loaded Wffn_gate from 'blk.6.ffn_gate.weight' rows=5632 cols=2048 type=q4_k min=-0.448448 max=0.364094 mean=0.000036
[gguf] loaded Wffn_up from 'blk.6.ffn_up.weight' rows=5632 cols=2048 type=q4_k min=-0.278297 max=0.358927 mean=-0.000007
[gguf] loaded Wffn_down from 'blk.6.ffn_down.weight' rows=2048 cols=5632 type=q4_k min=-0.523430 max=0.607544 mean=-0.000009
[gguf] dequantized Wq from 'blk.7.attn_q.weight' rows=2048 cols=2048 type=q4_k min=-0.480412 max=0.570834 mean=-0.000028
[gguf] dequantized Wk from 'blk.7.attn_k.weight' rows=256 cols=2048 type=q4_k min=-0.430424 max=0.481147 mean=0.000015
[gguf] dequantized Wv from 'blk.7.attn_v.weight' rows=256 cols=2048 type=q6_k min=-0.090332 max=0.098145 mean=-0.000020
[gguf] loaded Wo from 'blk.7.attn_output.weight' rows=2048 cols=2048 type=q4_k min=-0.360729 max=0.324900 mean=0.000007
[gguf] loaded attn_norm from 'blk.7.attn_norm.weight' rows=1 cols=2048 type=f32 min=-0.000044 max=0.800781 mean=0.307031
[gguf] loaded ffn_norm from 'blk.7.ffn_norm.weight' rows=1 cols=2048 type=f32 min=-0.000116 max=0.267578 mean=0.238367
[gguf] loaded Wffn_gate from 'blk.7.ffn_gate.weight' rows=5632 cols=2048 type=q4_k min=-0.338139 max=0.376661 mean=0.000047
[gguf] loaded Wffn_up from 'blk.7.ffn_up.weight' rows=5632 cols=2048 type=q4_k min=-0.372746 max=0.322863 mean=0.000005
[gguf] loaded Wffn_down from 'blk.7.ffn_down.weight' rows=2048 cols=5632 type=q6_k min=-0.679733 max=1.015625 mean=0.000001
[gguf] dequantized Wq from 'blk.8.attn_q.weight' rows=2048 cols=2048 type=q4_k min=-0.397499 max=0.455284 mean=-0.000041
[gguf] dequantized Wk from 'blk.8.attn_k.weight' rows=256 cols=2048 type=q4_k min=-0.446766 max=0.393263 mean=-0.000020
[gguf] dequantized Wv from 'blk.8.attn_v.weight' rows=256 cols=2048 type=q6_k min=-0.072609 max=0.089401 mean=-0.000015
[gguf] loaded Wo from 'blk.8.attn_output.weight' rows=2048 cols=2048 type=q4_k min=-0.436192 max=0.688431 mean=-0.000009
[gguf] loaded attn_norm from 'blk.8.attn_norm.weight' rows=1 cols=2048 type=f32 min=0.000059 max=1.273438 mean=0.318792
[gguf] loaded ffn_norm from 'blk.8.ffn_norm.weight' rows=1 cols=2048 type=f32 min=-0.000012 max=0.294922 mean=0.264516
[gguf] loaded Wffn_gate from 'blk.8.ffn_gate.weight' rows=5632 cols=2048 type=q4_k min=-0.349915 max=0.535717 mean=0.000047
[gguf] loaded Wffn_up from 'blk.8.ffn_up.weight' rows=5632 cols=2048 type=q4_k min=-0.286469 max=0.350007 mean=-0.000000
[gguf] loaded Wffn_down from 'blk.8.ffn_down.weight' rows=2048 cols=5632 type=q6_k min=-0.664124 max=0.486328 mean=0.000006
[gguf] dequantized Wq from 'blk.9.attn_q.weight' rows=2048 cols=2048 type=q4_k min=-0.389088 max=0.346172 mean=-0.000004
[gguf] dequantized Wk from 'blk.9.attn_k.weight' rows=256 cols=2048 type=q4_k min=-0.373947 max=0.353851 mean=0.000085
[gguf] dequantized Wv from 'blk.9.attn_v.weight' rows=256 cols=2048 type=q6_k min=-0.062256 max=0.058838 mean=0.000009
[gguf] loaded Wo from 'blk.9.attn_output.weight' rows=2048 cols=2048 type=q4_k min=-0.319153 max=0.224916 mean=-0.000004
[gguf] loaded attn_norm from 'blk.9.attn_norm.weight' rows=1 cols=2048 type=f32 min=-0.000298 max=0.835938 mean=0.314101
[gguf] loaded ffn_norm from 'blk.9.ffn_norm.weight' rows=1 cols=2048 type=f32 min=-0.000191 max=0.316406 mean=0.270686
[gguf] loaded Wffn_gate from 'blk.9.ffn_gate.weight' rows=5632 cols=2048 type=q4_k min=-0.592644 max=0.365779 mean=-0.000005
[gguf] loaded Wffn_up from 'blk.9.ffn_up.weight' rows=5632 cols=2048 type=q4_k min=-0.249458 max=0.243440 mean=-0.000005
[gguf] loaded Wffn_down from 'blk.9.ffn_down.weight' rows=2048 cols=5632 type=q6_k min=-0.476562 max=0.419922 mean=-0.000004
[gguf] dequantized Wq from 'blk.10.attn_q.weight' rows=2048 cols=2048 type=q4_k min=-0.342945 max=0.416329 mean=0.000008
[gguf] dequantized Wk from 'blk.10.attn_k.weight' rows=256 cols=2048 type=q4_k min=-0.452053 max=0.369351 mean=-0.000023
[gguf] dequantized Wv from 'blk.10.attn_v.weight' rows=256 cols=2048 type=q4_k min=-0.082492 max=0.065019 mean=-0.000019
[gguf] loaded Wo from 'blk.10.attn_output.weight' rows=2048 cols=2048 type=q4_k min=-0.357124 max=0.361200 mean=0.000002
[gguf] loaded attn_norm from 'blk.10.attn_norm.weight' rows=1 cols=2048 type=f32 min=0.000111 max=0.882812 mean=0.332845
[gguf] loaded ffn_norm from 'blk.10.ffn_norm.weight' rows=1 cols=2048 type=f32 min=-0.000062 max=0.322266 mean=0.279553
[gguf] loaded Wffn_gate from 'blk.10.ffn_gate.weight' rows=5632 cols=2048 type=q4_k min=-0.445084 max=0.481316 mean=0.000016
[gguf] loaded Wffn_up from 'blk.10.ffn_up.weight' rows=5632 cols=2048 type=q4_k min=-0.279018 max=0.256804 mean=-0.000005
[gguf] loaded Wffn_down from 'blk.10.ffn_down.weight' rows=2048 cols=5632 type=q4_k min=-0.596489 max=0.553405 mean=0.000001
[gguf] dequantized Wq from 'blk.11.attn_q.weight' rows=2048 cols=2048 type=q4_k min=-0.392693 max=0.369619 mean=0.000005
[gguf] dequantized Wk from 'blk.11.attn_k.weight' rows=256 cols=2048 type=q4_k min=-0.376350 max=0.340138 mean=-0.000075
[gguf] dequantized Wv from 'blk.11.attn_v.weight' rows=256 cols=2048 type=q4_k min=-0.064467 max=0.067244 mean=0.000038
[gguf] loaded Wo from 'blk.11.attn_output.weight' rows=2048 cols=2048 type=q4_k min=-0.263157 max=0.416575 mean=-0.000003
[gguf] loaded attn_norm from 'blk.11.attn_norm.weight' rows=1 cols=2048 type=f32 min=0.096191 max=0.988281 mean=0.395525
[gguf] loaded ffn_norm from 'blk.11.ffn_norm.weight' rows=1 cols=2048 type=f32 min=-0.000359 max=0.361328 mean=0.288368
[gguf] loaded Wffn_gate from 'blk.11.ffn_gate.weight' rows=5632 cols=2048 type=q4_k min=-0.369381 max=0.516602 mean=-0.000025
[gguf] loaded Wffn_up from 'blk.11.ffn_up.weight' rows=5632 cols=2048 type=q4_k min=-0.231794 max=0.212058 mean=-0.000014
[gguf] loaded Wffn_down from 'blk.11.ffn_down.weight' rows=2048 cols=5632 type=q4_k min=-0.419369 max=0.504370 mean=-0.000010
[gguf] dequantized Wq from 'blk.12.attn_q.weight' rows=2048 cols=2048 type=q4_k min=-0.283825 max=0.414919 mean=-0.000028
[gguf] dequantized Wk from 'blk.12.attn_k.weight' rows=256 cols=2048 type=q4_k min=-0.486660 max=0.469485 mean=-0.000120
[gguf] dequantized Wv from 'blk.12.attn_v.weight' rows=256 cols=2048 type=q6_k min=-0.074738 max=0.071533 mean=-0.000054
[gguf] loaded Wo from 'blk.12.attn_output.weight' rows=2048 cols=2048 type=q4_k min=-0.400383 max=0.345042 mean=-0.000009
[gguf] loaded attn_norm from 'blk.12.attn_norm.weight' rows=1 cols=2048 type=f32 min=0.078613 max=0.894531 mean=0.343753
[gguf] loaded ffn_norm from 'blk.12.ffn_norm.weight' rows=1 cols=2048 type=f32 min=-0.000144 max=0.443359 mean=0.299057
[gguf] loaded Wffn_gate from 'blk.12.ffn_gate.weight' rows=5632 cols=2048 type=q4_k min=-0.414322 max=0.575531 mean=-0.000020
[gguf] loaded Wffn_up from 'blk.12.ffn_up.weight' rows=5632 cols=2048 type=q4_k min=-0.239004 max=0.302672 mean=-0.000006
[gguf] loaded Wffn_down from 'blk.12.ffn_down.weight' rows=2048 cols=5632 type=q6_k min=-0.416023 max=0.804688 mean=-0.000006
[gguf] dequantized Wq from 'blk.13.attn_q.weight' rows=2048 cols=2048 type=q4_k min=-0.442921 max=0.344292 mean=0.000001
[gguf] dequantized Wk from 'blk.13.attn_k.weight' rows=256 cols=2048 type=q4_k min=-0.398460 max=0.398490 mean=-0.000023
[gguf] dequantized Wv from 'blk.13.attn_v.weight' rows=256 cols=2048 type=q4_k min=-0.072879 max=0.072717 mean=-0.000031
[gguf] loaded Wo from 'blk.13.attn_output.weight' rows=2048 cols=2048 type=q4_k min=-0.422253 max=0.290524 mean=-0.000006
[gguf] loaded attn_norm from 'blk.13.attn_norm.weight' rows=1 cols=2048 type=f32 min=0.093750 max=0.984375 mean=0.377316
[gguf] loaded ffn_norm from 'blk.13.ffn_norm.weight' rows=1 cols=2048 type=f32 min=0.059814 max=0.437500 mean=0.312761
[gguf] loaded Wffn_gate from 'blk.13.ffn_gate.weight' rows=5632 cols=2048 type=q4_k min=-0.492188 max=0.556531 mean=-0.000051
[gguf] loaded Wffn_up from 'blk.13.ffn_up.weight' rows=5632 cols=2048 type=q4_k min=-0.322998 max=0.209026 mean=-0.000012
[gguf] loaded Wffn_down from 'blk.13.ffn_down.weight' rows=2048 cols=5632 type=q4_k min=-0.794998 max=0.489986 mean=0.000001
[gguf] dequantized Wq from 'blk.14.attn_q.weight' rows=2048 cols=2048 type=q4_k min=-0.529678 max=0.423162 mean=-0.000030
[gguf] dequantized Wk from 'blk.14.attn_k.weight' rows=256 cols=2048 type=q4_k min=-0.411438 max=0.493973 mean=-0.000022
[gguf] dequantized Wv from 'blk.14.attn_v.weight' rows=256 cols=2048 type=q4_k min=-0.086157 max=0.094699 mean=0.000010
[gguf] loaded Wo from 'blk.14.attn_output.weight' rows=2048 cols=2048 type=q4_k min=-0.302811 max=0.383861 mean=-0.000011
[gguf] loaded attn_norm from 'blk.14.attn_norm.weight' rows=1 cols=2048 type=f32 min=0.083984 max=0.906250 mean=0.361382
[gguf] loaded ffn_norm from 'blk.14.ffn_norm.weight' rows=1 cols=2048 type=f32 min=0.064453 max=0.408203 mean=0.328863
[gguf] loaded Wffn_gate from 'blk.14.ffn_gate.weight' rows=5632 cols=2048 type=q4_k min=-0.478489 max=0.567216 mean=-0.000087
[gguf] loaded Wffn_up from 'blk.14.ffn_up.weight' rows=5632 cols=2048 type=q4_k min=-0.380436 max=0.300257 mean=-0.000002
[gguf] loaded Wffn_down from 'blk.14.ffn_down.weight' rows=2048 cols=5632 type=q4_k min=-0.644073 max=0.519748 mean=-0.000003
[gguf] dequantized Wq from 'blk.15.attn_q.weight' rows=2048 cols=2048 type=q4_k min=-0.434990 max=0.380779 mean=-0.000051
[gguf] dequantized Wk from 'blk.15.attn_k.weight' rows=256 cols=2048 type=q4_k min=-0.477528 max=0.452815 mean=0.000039
[gguf] dequantized Wv from 'blk.15.attn_v.weight' rows=256 cols=2048 type=q6_k min=-0.155273 max=0.137650 mean=-0.000021
[gguf] loaded Wo from 'blk.15.attn_output.weight' rows=2048 cols=2048 type=q4_k min=-0.421532 max=0.242626 mean=0.000010
[gguf] loaded attn_norm from 'blk.15.attn_norm.weight' rows=1 cols=2048 type=f32 min=0.051514 max=0.890625 mean=0.418800
[gguf] loaded ffn_norm from 'blk.15.ffn_norm.weight' rows=1 cols=2048 type=f32 min=0.066895 max=0.449219 mean=0.352373
[gguf] loaded Wffn_gate from 'blk.15.ffn_gate.weight' rows=5632 cols=2048 type=q4_k min=-0.336937 max=0.434310 mean=-0.000064
[gguf] loaded Wffn_up from 'blk.15.ffn_up.weight' rows=5632 cols=2048 type=q4_k min=-0.389328 max=0.401482 mean=-0.000012
[gguf] loaded Wffn_down from 'blk.15.ffn_down.weight' rows=2048 cols=5632 type=q6_k min=-0.496094 max=0.597427 mean=0.000001
[gguf] dequantized Wq from 'blk.16.attn_q.weight' rows=2048 cols=2048 type=q4_k min=-0.427780 max=0.517088 mean=-0.000027
[gguf] dequantized Wk from 'blk.16.attn_k.weight' rows=256 cols=2048 type=q4_k min=-0.392452 max=0.371230 mean=-0.000011
[gguf] dequantized Wv from 'blk.16.attn_v.weight' rows=256 cols=2048 type=q4_k min=-0.083513 max=0.104098 mean=-0.000007
[gguf] loaded Wo from 'blk.16.attn_output.weight' rows=2048 cols=2048 type=q4_k min=-0.213530 max=0.302014 mean=-0.000010
[gguf] loaded attn_norm from 'blk.16.attn_norm.weight' rows=1 cols=2048 type=f32 min=0.059814 max=0.968750 mean=0.401889
[gguf] loaded ffn_norm from 'blk.16.ffn_norm.weight' rows=1 cols=2048 type=f32 min=0.082031 max=0.511719 mean=0.390775
[gguf] loaded Wffn_gate from 'blk.16.ffn_gate.weight' rows=5632 cols=2048 type=q4_k min=-0.581589 max=0.321833 mean=-0.000065
[gguf] loaded Wffn_up from 'blk.16.ffn_up.weight' rows=5632 cols=2048 type=q4_k min=-0.245613 max=0.464468 mean=-0.000001
[gguf] loaded Wffn_down from 'blk.16.ffn_down.weight' rows=2048 cols=5632 type=q4_k min=-0.589279 max=0.674073 mean=-0.000009
[gguf] dequantized Wq from 'blk.17.attn_q.weight' rows=2048 cols=2048 type=q4_k min=-0.509972 max=0.426045 mean=-0.000007
[gguf] dequantized Wk from 'blk.17.attn_k.weight' rows=256 cols=2048 type=q4_k min=-0.429462 max=0.443002 mean=-0.000009
[gguf] dequantized Wv from 'blk.17.attn_v.weight' rows=256 cols=2048 type=q4_k min=-0.177601 max=0.157013 mean=-0.000007
[gguf] loaded Wo from 'blk.17.attn_output.weight' rows=2048 cols=2048 type=q4_k min=-0.258591 max=0.368363 mean=-0.000013
[gguf] loaded attn_norm from 'blk.17.attn_norm.weight' rows=1 cols=2048 type=f32 min=0.078125 max=1.109375 mean=0.431525
[gguf] loaded ffn_norm from 'blk.17.ffn_norm.weight' rows=1 cols=2048 type=f32 min=0.085449 max=0.478516 mean=0.423074
[gguf] loaded Wffn_gate from 'blk.17.ffn_gate.weight' rows=5632 cols=2048 type=q4_k min=-0.370583 max=0.463868 mean=-0.000093
[gguf] loaded Wffn_up from 'blk.17.ffn_up.weight' rows=5632 cols=2048 type=q4_k min=-0.379955 max=0.347273 mean=-0.000007
[gguf] loaded Wffn_down from 'blk.17.ffn_down.weight' rows=2048 cols=5632 type=q4_k min=-0.406872 max=0.619170 mean=-0.000013
[gguf] dequantized Wq from 'blk.18.attn_q.weight' rows=2048 cols=2048 type=q4_k min=-0.434509 max=0.381594 mean=0.000014
[gguf] dequantized Wk from 'blk.18.attn_k.weight' rows=256 cols=2048 type=q4_k min=-0.418407 max=0.444092 mean=-0.000018
[gguf] dequantized Wv from 'blk.18.attn_v.weight' rows=256 cols=2048 type=q6_k min=-0.259766 max=0.283104 mean=-0.000015
[gguf] loaded Wo from 'blk.18.attn_output.weight' rows=2048 cols=2048 type=q4_k min=-0.300407 max=0.589651 mean=0.000000
[gguf] loaded attn_norm from 'blk.18.attn_norm.weight' rows=1 cols=2048 type=f32 min=0.087891 max=1.125000 mean=0.438659
[gguf] loaded ffn_norm from 'blk.18.ffn_norm.weight' rows=1 cols=2048 type=f32 min=0.085449 max=0.523438 mean=0.462319
[gguf] loaded Wffn_gate from 'blk.18.ffn_gate.weight' rows=5632 cols=2048 type=q4_k min=-0.283585 max=0.329313 mean=-0.000094
[gguf] loaded Wffn_up from 'blk.18.ffn_up.weight' rows=5632 cols=2048 type=q4_k min=-0.326122 max=0.229734 mean=-0.000004
[gguf] loaded Wffn_down from 'blk.18.ffn_down.weight' rows=2048 cols=5632 type=q6_k min=-0.629120 max=0.378891 mean=-0.000002
[gguf] dequantized Wq from 'blk.19.attn_q.weight' rows=2048 cols=2048 type=q4_k min=-0.484257 max=0.533807 mean=-0.000009
[gguf] dequantized Wk from 'blk.19.attn_k.weight' rows=256 cols=2048 type=q4_k min=-0.481133 max=0.525784 mean=0.000025
[gguf] dequantized Wv from 'blk.19.attn_v.weight' rows=256 cols=2048 type=q4_k min=-0.284786 max=0.285177 mean=0.000006
[gguf] loaded Wo from 'blk.19.attn_output.weight' rows=2048 cols=2048 type=q4_k min=-0.600334 max=0.359468 mean=-0.000008
[gguf] loaded attn_norm from 'blk.19.attn_norm.weight' rows=1 cols=2048 type=f32 min=0.114746 max=1.218750 mean=0.435031
[gguf] loaded ffn_norm from 'blk.19.ffn_norm.weight' rows=1 cols=2048 type=f32 min=0.086426 max=0.558594 mean=0.496863
[gguf] loaded Wffn_gate from 'blk.19.ffn_gate.weight' rows=5632 cols=2048 type=q4_k min=-0.437153 max=0.319772 mean=-0.000085
[gguf] loaded Wffn_up from 'blk.19.ffn_up.weight' rows=5632 cols=2048 type=q4_k min=-0.261475 max=0.221238 mean=-0.000021
[gguf] loaded Wffn_down from 'blk.19.ffn_down.weight' rows=2048 cols=5632 type=q4_k min=-0.537849 max=0.499708 mean=-0.000007
[gguf] dequantized Wq from 'blk.20.attn_q.weight' rows=2048 cols=2048 type=q4_k min=-0.494591 max=0.625208 mean=-0.000005
[gguf] dequantized Wk from 'blk.20.attn_k.weight' rows=256 cols=2048 type=q4_k min=-0.455418 max=0.494801 mean=0.000047
[gguf] dequantized Wv from 'blk.20.attn_v.weight' rows=256 cols=2048 type=q6_k min=-0.136475 max=0.125977 mean=0.000046
[gguf] loaded Wo from 'blk.20.attn_output.weight' rows=2048 cols=2048 type=q4_k min=-0.467674 max=0.281413 mean=0.000004
[gguf] loaded attn_norm from 'blk.20.attn_norm.weight' rows=1 cols=2048 type=f32 min=0.136719 max=1.226562 mean=0.432985
[gguf] loaded ffn_norm from 'blk.20.ffn_norm.weight' rows=1 cols=2048 type=f32 min=0.121094 max=0.605469 mean=0.528158
[gguf] loaded Wffn_gate from 'blk.20.ffn_gate.weight' rows=5632 cols=2048 type=q4_k min=-0.682526 max=0.355742 mean=-0.000045
[gguf] loaded Wffn_up from 'blk.20.ffn_up.weight' rows=5632 cols=2048 type=q4_k min=-0.225185 max=0.202021 mean=-0.000015
[gguf] loaded Wffn_down from 'blk.20.ffn_down.weight' rows=2048 cols=5632 type=q6_k min=-0.539246 max=0.718521 mean=0.000001
[gguf] dequantized Wq from 'blk.21.attn_q.weight' rows=2048 cols=2048 type=q4_k min=-0.541214 max=0.501759 mean=-0.000012
[gguf] dequantized Wk from 'blk.21.attn_k.weight' rows=256 cols=2048 type=q4_k min=-0.546021 max=0.489213 mean=0.000011
[gguf] dequantized Wv from 'blk.21.attn_v.weight' rows=256 cols=2048 type=q4_k min=-0.148161 max=0.153649 mean=-0.000038
[gguf] loaded Wo from 'blk.21.attn_output.weight' rows=2048 cols=2048 type=q4_k min=-0.428261 max=0.400057 mean=-0.000009
[gguf] loaded attn_norm from 'blk.21.attn_norm.weight' rows=1 cols=2048 type=f32 min=0.114258 max=1.226562 mean=0.463726
[gguf] loaded ffn_norm from 'blk.21.ffn_norm.weight' rows=1 cols=2048 type=f32 min=0.117676 max=0.730469 mean=0.554636
[gguf] loaded Wffn_gate from 'blk.21.ffn_gate.weight' rows=5632 cols=2048 type=q4_k min=-0.624847 max=0.529448 mean=-0.000046
[gguf] loaded Wffn_up from 'blk.21.ffn_up.weight' rows=5632 cols=2048 type=q4_k min=-0.665222 max=0.644032 mean=-0.000011
[gguf] loaded Wffn_down from 'blk.21.ffn_down.weight' rows=2048 cols=5632 type=q4_k min=-0.591202 max=0.691056 mean=0.000000
[minxfmr] loaded per-layer projections: 22/22 layers
[minxfmr] loaded per-layer ffn weights: 22/22 layers
[minxfmr] loaded per-layer Wo weights: 22/22 layers
[minxfmr] loaded per-layer norm weights: 22/22 layers
[minxfmr] loaded tokenizer vocab from gguf size=32000
[minxfmr] vocab[0]=<unk>
[minxfmr] vocab[1]=<s>
[minxfmr] vocab[2]=</s>
[minxfmr] vocab[3]=<0x00>
[minxfmr] vocab[4]=<0x01>
[minxfmr] vocab[5]=<0x02>
[minxfmr] vocab[6]=<0x03>
[minxfmr] vocab[7]=<0x04>
[minxfmr] vocab[8]=<0x05>
[minxfmr] vocab[9]=<0x06>
[minxfmr] vocab[10]=<0x07>
[minxfmr] vocab[11]=<0x08>
[minxfmr] vocab[12]=<0x09>
[minxfmr] vocab[13]=<0x0A>
[minxfmr] vocab[14]=<0x0B>
[minxfmr] vocab[15]=<0x0C>
[minxfmr] vocab[16]=<0x0D>
[minxfmr] vocab[17]=<0x0E>
[minxfmr] vocab[18]=<0x0F>
[minxfmr] vocab[19]=<0x10>
[minxfmr] vocab[20]=<0x11>
[minxfmr] vocab[21]=<0x12>
[minxfmr] vocab[22]=<0x13>
[minxfmr] vocab[23]=<0x14>
[minxfmr] vocab[24]=<0x15>
[minxfmr] vocab[25]=<0x16>
[minxfmr] vocab[26]=<0x17>
[minxfmr] vocab[27]=<0x18>
[minxfmr] vocab[28]=<0x19>
[minxfmr] vocab[29]=<0x1A>
[minxfmr] vocab[30]=<0x1B>
[minxfmr] vocab[31]=<0x1C>
[minxfmr] vocab[32]=<0x1D>
[minxfmr] vocab[33]=<0x1E>
[minxfmr] vocab[34]=<0x1F>
[minxfmr] vocab[35]=<0x20>
[minxfmr] vocab[36]=<0x21>
[minxfmr] vocab[37]=<0x22>
[minxfmr] vocab[38]=<0x23>
[minxfmr] vocab[39]=<0x24>
[gguf] loaded lm_head from 'output.weight' rows=32000 cols=2048 type=q6_k min=-0.470657 max=0.394501 mean=-0.000390
[minxfmr] loaded output head rows=32000 cols=2048
[gguf] loaded final norm from 'output_norm.weight' rows=1 cols=2048 type=f32 min=0.507812 max=3.187500 mean=1.914886
[minxfmr] loaded final norm rows=1 cols=2048
[kvcache] create layers=22 seq_max=2048 dim=256
[minxfmr] runtime config model_dim=2048 kv_dim=256 layers=22 seq_max=2048
minxfmr: opened model build\src\Release\tinyllama-1.1b-chat-v1.0.Q4_K_M.gguf
[minxfmr] prompt token count=1
[minxfmr] prompt ids: 12199
[minxfmr] prompt decoded: hello
[kvcache] append layer=0 pos=0 newlen=1
[kvcache] append layer=1 pos=0 newlen=1
[kvcache] append layer=2 pos=0 newlen=1
[kvcache] append layer=3 pos=0 newlen=1
[kvcache] append layer=4 pos=0 newlen=1
[kvcache] append layer=5 pos=0 newlen=1
[kvcache] append layer=6 pos=0 newlen=1
[kvcache] append layer=7 pos=0 newlen=1
[kvcache] append layer=8 pos=0 newlen=1
[kvcache] append layer=9 pos=0 newlen=1
[kvcache] append layer=10 pos=0 newlen=1
[kvcache] append layer=11 pos=0 newlen=1
[kvcache] append layer=12 pos=0 newlen=1
[kvcache] append layer=13 pos=0 newlen=1
[kvcache] append layer=14 pos=0 newlen=1
[kvcache] append layer=15 pos=0 newlen=1
[kvcache] append layer=16 pos=0 newlen=1
[kvcache] append layer=17 pos=0 newlen=1
[kvcache] append layer=18 pos=0 newlen=1
[kvcache] append layer=19 pos=0 newlen=1
[kvcache] append layer=20 pos=0 newlen=1
[kvcache] append layer=21 pos=0 newlen=1
[kvcache] append layer=0 pos=1 newlen=2
[kvcache] append layer=1 pos=1 newlen=2
[kvcache] append layer=2 pos=1 newlen=2
[kvcache] append layer=3 pos=1 newlen=2
[kvcache] append layer=4 pos=1 newlen=2
[kvcache] append layer=5 pos=1 newlen=2
[kvcache] append layer=6 pos=1 newlen=2
[kvcache] append layer=7 pos=1 newlen=2
[kvcache] append layer=8 pos=1 newlen=2
[kvcache] append layer=9 pos=1 newlen=2
[kvcache] append layer=10 pos=1 newlen=2
[kvcache] append layer=11 pos=1 newlen=2
[kvcache] append layer=12 pos=1 newlen=2
[kvcache] append layer=13 pos=1 newlen=2
[kvcache] append layer=14 pos=1 newlen=2
[kvcache] append layer=15 pos=1 newlen=2
[kvcache] append layer=16 pos=1 newlen=2
[kvcache] append layer=17 pos=1 newlen=2
[kvcache] append layer=18 pos=1 newlen=2
[kvcache] append layer=19 pos=1 newlen=2
[kvcache] append layer=20 pos=1 newlen=2
[kvcache] append layer=21 pos=1 newlen=2
[kvcache] append layer=0 pos=2 newlen=3
[kvcache] append layer=1 pos=2 newlen=3
[kvcache] append layer=2 pos=2 newlen=3
[kvcache] append layer=3 pos=2 newlen=3
[kvcache] append layer=4 pos=2 newlen=3
[kvcache] append layer=5 pos=2 newlen=3
[kvcache] append layer=6 pos=2 newlen=3
[kvcache] append layer=7 pos=2 newlen=3
[kvcache] append layer=8 pos=2 newlen=3
[kvcache] append layer=9 pos=2 newlen=3
[kvcache] append layer=10 pos=2 newlen=3
[kvcache] append layer=11 pos=2 newlen=3
[kvcache] append layer=12 pos=2 newlen=3
[kvcache] append layer=13 pos=2 newlen=3
[kvcache] append layer=14 pos=2 newlen=3
[kvcache] append layer=15 pos=2 newlen=3
[kvcache] append layer=16 pos=2 newlen=3
[kvcache] append layer=17 pos=2 newlen=3
[kvcache] append layer=18 pos=2 newlen=3
[kvcache] append layer=19 pos=2 newlen=3
[kvcache] append layer=20 pos=2 newlen=3
[kvcache] append layer=21 pos=2 newlen=3
[kvcache] append layer=0 pos=3 newlen=4
[kvcache] append layer=1 pos=3 newlen=4
[kvcache] append layer=2 pos=3 newlen=4
[kvcache] append layer=3 pos=3 newlen=4
[kvcache] append layer=4 pos=3 newlen=4
[kvcache] append layer=5 pos=3 newlen=4
[kvcache] append layer=6 pos=3 newlen=4
[kvcache] append layer=7 pos=3 newlen=4
[kvcache] append layer=8 pos=3 newlen=4
[kvcache] append layer=9 pos=3 newlen=4
[kvcache] append layer=10 pos=3 newlen=4
[kvcache] append layer=11 pos=3 newlen=4
[kvcache] append layer=12 pos=3 newlen=4
[kvcache] append layer=13 pos=3 newlen=4
[kvcache] append layer=14 pos=3 newlen=4
[kvcache] append layer=15 pos=3 newlen=4
[kvcache] append layer=16 pos=3 newlen=4
[kvcache] append layer=17 pos=3 newlen=4
[kvcache] append layer=18 pos=3 newlen=4
[kvcache] append layer=19 pos=3 newlen=4
[kvcache] append layer=20 pos=3 newlen=4
[kvcache] append layer=21 pos=3 newlen=4
[kvcache] append layer=0 pos=4 newlen=5
[kvcache] append layer=1 pos=4 newlen=5
[kvcache] append layer=2 pos=4 newlen=5
[kvcache] append layer=3 pos=4 newlen=5
[kvcache] append layer=4 pos=4 newlen=5
[kvcache] append layer=5 pos=4 newlen=5
[kvcache] append layer=6 pos=4 newlen=5
[kvcache] append layer=7 pos=4 newlen=5
[kvcache] append layer=8 pos=4 newlen=5
[kvcache] append layer=9 pos=4 newlen=5
[kvcache] append layer=10 pos=4 newlen=5
[kvcache] append layer=11 pos=4 newlen=5
[kvcache] append layer=12 pos=4 newlen=5
[kvcache] append layer=13 pos=4 newlen=5
[kvcache] append layer=14 pos=4 newlen=5
[kvcache] append layer=15 pos=4 newlen=5
[kvcache] append layer=16 pos=4 newlen=5
[kvcache] append layer=17 pos=4 newlen=5
[kvcache] append layer=18 pos=4 newlen=5
[kvcache] append layer=19 pos=4 newlen=5
[kvcache] append layer=20 pos=4 newlen=5
[kvcache] append layer=21 pos=4 newlen=5
[kvcache] append layer=0 pos=5 newlen=6
[kvcache] append layer=1 pos=5 newlen=6
[kvcache] append layer=2 pos=5 newlen=6
[kvcache] append layer=3 pos=5 newlen=6
[kvcache] append layer=4 pos=5 newlen=6
[kvcache] append layer=5 pos=5 newlen=6
[kvcache] append layer=6 pos=5 newlen=6
[kvcache] append layer=7 pos=5 newlen=6
[kvcache] append layer=8 pos=5 newlen=6
[kvcache] append layer=9 pos=5 newlen=6
[kvcache] append layer=10 pos=5 newlen=6
[kvcache] append layer=11 pos=5 newlen=6
[kvcache] append layer=12 pos=5 newlen=6
[kvcache] append layer=13 pos=5 newlen=6
[kvcache] append layer=14 pos=5 newlen=6
[kvcache] append layer=15 pos=5 newlen=6
[kvcache] append layer=16 pos=5 newlen=6
[kvcache] append layer=17 pos=5 newlen=6
[kvcache] append layer=18 pos=5 newlen=6
[kvcache] append layer=19 pos=5 newlen=6
[kvcache] append layer=20 pos=5 newlen=6
[kvcache] append layer=21 pos=5 newlen=6
[kvcache] append layer=0 pos=6 newlen=7
[kvcache] append layer=1 pos=6 newlen=7
[kvcache] append layer=2 pos=6 newlen=7
[kvcache] append layer=3 pos=6 newlen=7
[kvcache] append layer=4 pos=6 newlen=7
[kvcache] append layer=5 pos=6 newlen=7
[kvcache] append layer=6 pos=6 newlen=7
[kvcache] append layer=7 pos=6 newlen=7
[kvcache] append layer=8 pos=6 newlen=7
[kvcache] append layer=9 pos=6 newlen=7
[kvcache] append layer=10 pos=6 newlen=7
[kvcache] append layer=11 pos=6 newlen=7
[kvcache] append layer=12 pos=6 newlen=7
[kvcache] append layer=13 pos=6 newlen=7
[kvcache] append layer=14 pos=6 newlen=7
[kvcache] append layer=15 pos=6 newlen=7
[kvcache] append layer=16 pos=6 newlen=7
[kvcache] append layer=17 pos=6 newlen=7
[kvcache] append layer=18 pos=6 newlen=7
[kvcache] append layer=19 pos=6 newlen=7
[kvcache] append layer=20 pos=6 newlen=7
[kvcache] append layer=21 pos=6 newlen=7
[kvcache] append layer=0 pos=7 newlen=8
[kvcache] append layer=1 pos=7 newlen=8
[kvcache] append layer=2 pos=7 newlen=8
[kvcache] append layer=3 pos=7 newlen=8
[kvcache] append layer=4 pos=7 newlen=8
[kvcache] append layer=5 pos=7 newlen=8
[kvcache] append layer=6 pos=7 newlen=8
[kvcache] append layer=7 pos=7 newlen=8
[kvcache] append layer=8 pos=7 newlen=8
[kvcache] append layer=9 pos=7 newlen=8
[kvcache] append layer=10 pos=7 newlen=8
[kvcache] append layer=11 pos=7 newlen=8
[kvcache] append layer=12 pos=7 newlen=8
[kvcache] append layer=13 pos=7 newlen=8
[kvcache] append layer=14 pos=7 newlen=8
[kvcache] append layer=15 pos=7 newlen=8
[kvcache] append layer=16 pos=7 newlen=8
[kvcache] append layer=17 pos=7 newlen=8
[kvcache] append layer=18 pos=7 newlen=8
[kvcache] append layer=19 pos=7 newlen=8
[kvcache] append layer=20 pos=7 newlen=8
[kvcache] append layer=21 pos=7 newlen=8
