[main] square-weight transpose mode: wq=off wk=on wv=on wo=on
[minxfmr] gguf meta layers=22 ctx=2048 embd=2048 head=32 head_kv=4
[gguf] loaded token embedding from 'token_embd.weight' rows=32000 cols=2048 type=q4_k min=-0.117399 max=0.150171 mean=-0.000005
[minxfmr] loaded token embedding rows=32000 cols=2048
[gguf] dequantized Wq from 'blk.0.attn_q.weight' rows=2048 cols=2048 type=q4_k min=-1.585190 max=1.030758 mean=-0.000012
[gguf] dequantized Wk from 'blk.0.attn_k.weight' rows=256 cols=2048 type=q4_k min=-3.106934 max=1.184326 mean=-0.000101
[gguf] dequantized Wv from 'blk.0.attn_v.weight' rows=256 cols=2048 type=q6_k min=-0.067406 max=0.062012 mean=0.000011
[gguf] loaded Wo from 'blk.0.attn_output.weight' rows=2048 cols=2048 type=q4_k min=-0.337177 max=0.369265 mean=-0.000001
[gguf] loaded attn_norm from 'blk.0.attn_norm.weight' rows=1 cols=2048 type=f32 min=-0.582031 max=0.769531 mean=0.005780
[gguf] loaded ffn_norm from 'blk.0.ffn_norm.weight' rows=1 cols=2048 type=f32 min=-0.000402 max=0.738281 mean=0.074584
[gguf] loaded Wffn_gate from 'blk.0.ffn_gate.weight' rows=5632 cols=2048 type=q4_k min=-0.493629 max=0.293089 mean=-0.000026
[gguf] loaded Wffn_up from 'blk.0.ffn_up.weight' rows=5632 cols=2048 type=q4_k min=-0.161860 max=0.170170 mean=-0.000006
[gguf] loaded Wffn_down from 'blk.0.ffn_down.weight' rows=2048 cols=5632 type=q6_k min=-0.523438 max=0.414062 mean=0.000004
[gguf] dequantized Wq from 'blk.1.attn_q.weight' rows=2048 cols=2048 type=q4_k min=-0.600815 max=0.546908 mean=-0.000004
[gguf] dequantized Wk from 'blk.1.attn_k.weight' rows=256 cols=2048 type=q4_k min=-0.630135 max=0.669956 mean=-0.000022
[gguf] dequantized Wv from 'blk.1.attn_v.weight' rows=256 cols=2048 type=q6_k min=-0.089844 max=0.088379 mean=0.000009
[gguf] loaded Wo from 'blk.1.attn_output.weight' rows=2048 cols=2048 type=q4_k min=-0.515739 max=0.359798 mean=-0.000006
[gguf] loaded attn_norm from 'blk.1.attn_norm.weight' rows=1 cols=2048 type=f32 min=-0.006958 max=0.550781 mean=0.040503
[gguf] loaded ffn_norm from 'blk.1.ffn_norm.weight' rows=1 cols=2048 type=f32 min=-0.000870 max=0.349609 mean=0.128381
[gguf] loaded Wffn_gate from 'blk.1.ffn_gate.weight' rows=5632 cols=2048 type=q4_k min=-0.481853 max=0.337145 mean=-0.000003
[gguf] loaded Wffn_up from 'blk.1.ffn_up.weight' rows=5632 cols=2048 type=q4_k min=-0.259312 max=0.251719 mean=-0.000008
[gguf] loaded Wffn_down from 'blk.1.ffn_down.weight' rows=2048 cols=5632 type=q6_k min=-0.574219 max=0.519531 mean=0.000002
[gguf] dequantized Wq from 'blk.2.attn_q.weight' rows=2048 cols=2048 type=q4_k min=-0.490505 max=0.502780 mean=0.000020
[gguf] dequantized Wk from 'blk.2.attn_k.weight' rows=256 cols=2048 type=q4_k min=-0.666183 max=0.565357 mean=0.000075
[gguf] dequantized Wv from 'blk.2.attn_v.weight' rows=256 cols=2048 type=q4_k min=-0.070476 max=0.068002 mean=-0.000018
[gguf] loaded Wo from 'blk.2.attn_output.weight' rows=2048 cols=2048 type=q4_k min=-0.588799 max=0.588522 mean=-0.000007
[gguf] loaded attn_norm from 'blk.2.attn_norm.weight' rows=1 cols=2048 type=f32 min=-0.000198 max=0.675781 mean=0.084601
[gguf] loaded ffn_norm from 'blk.2.ffn_norm.weight' rows=1 cols=2048 type=f32 min=-0.000473 max=0.240234 mean=0.167360
[gguf] loaded Wffn_gate from 'blk.2.ffn_gate.weight' rows=5632 cols=2048 type=q4_k min=-1.177597 max=0.963707 mean=-0.000051
[gguf] loaded Wffn_up from 'blk.2.ffn_up.weight' rows=5632 cols=2048 type=q4_k min=-0.411678 max=0.342931 mean=-0.000007
[gguf] loaded Wffn_down from 'blk.2.ffn_down.weight' rows=2048 cols=5632 type=q4_k min=-0.833450 max=0.532192 mean=-0.000000
[gguf] dequantized Wq from 'blk.3.attn_q.weight' rows=2048 cols=2048 type=q4_k min=-0.270126 max=0.326697 mean=-0.000026
[gguf] dequantized Wk from 'blk.3.attn_k.weight' rows=256 cols=2048 type=q4_k min=-0.410957 max=0.431297 mean=0.000068
[gguf] dequantized Wv from 'blk.3.attn_v.weight' rows=256 cols=2048 type=q4_k min=-0.070295 max=0.083329 mean=-0.000006
[gguf] loaded Wo from 'blk.3.attn_output.weight' rows=2048 cols=2048 type=q4_k min=-0.352318 max=0.346250 mean=0.000003
[gguf] loaded attn_norm from 'blk.3.attn_norm.weight' rows=1 cols=2048 type=f32 min=-0.000275 max=0.644531 mean=0.224348
[gguf] loaded ffn_norm from 'blk.3.ffn_norm.weight' rows=1 cols=2048 type=f32 min=-0.000340 max=0.219727 mean=0.184307
[gguf] loaded Wffn_gate from 'blk.3.ffn_gate.weight' rows=5632 cols=2048 type=q4_k min=-0.292717 max=0.365883 mean=-0.000053
[gguf] loaded Wffn_up from 'blk.3.ffn_up.weight' rows=5632 cols=2048 type=q4_k min=-0.352798 max=0.277332 mean=-0.000009
[gguf] loaded Wffn_down from 'blk.3.ffn_down.weight' rows=2048 cols=5632 type=q4_k min=-0.403267 max=0.630815 mean=0.000001
[gguf] dequantized Wq from 'blk.4.attn_q.weight' rows=2048 cols=2048 type=q4_k min=-0.320114 max=0.322635 mean=0.000001
[gguf] dequantized Wk from 'blk.4.attn_k.weight' rows=256 cols=2048 type=q4_k min=-0.469116 max=0.450278 mean=0.000040
[gguf] dequantized Wv from 'blk.4.attn_v.weight' rows=256 cols=2048 type=q6_k min=-0.077103 max=0.057129 mean=0.000030
[gguf] loaded Wo from 'blk.4.attn_output.weight' rows=2048 cols=2048 type=q4_k min=-0.303532 max=0.391905 mean=-0.000008
[gguf] loaded attn_norm from 'blk.4.attn_norm.weight' rows=1 cols=2048 type=f32 min=-0.000055 max=0.746094 mean=0.319938
[gguf] loaded ffn_norm from 'blk.4.ffn_norm.weight' rows=1 cols=2048 type=f32 min=-0.000252 max=0.219727 mean=0.197756
[gguf] loaded Wffn_gate from 'blk.4.ffn_gate.weight' rows=5632 cols=2048 type=q4_k min=-0.322037 max=0.386000 mean=-0.000042
[gguf] loaded Wffn_up from 'blk.4.ffn_up.weight' rows=5632 cols=2048 type=q4_k min=-0.200191 max=0.277523 mean=-0.000015
[gguf] loaded Wffn_down from 'blk.4.ffn_down.weight' rows=2048 cols=5632 type=q6_k min=-0.382812 max=0.554855 mean=-0.000001
[gguf] dequantized Wq from 'blk.5.attn_q.weight' rows=2048 cols=2048 type=q4_k min=-0.233717 max=0.281812 mean=-0.000030
[gguf] dequantized Wk from 'blk.5.attn_k.weight' rows=256 cols=2048 type=q4_k min=-0.373226 max=0.365536 mean=0.000006
[gguf] dequantized Wv from 'blk.5.attn_v.weight' rows=256 cols=2048 type=q4_k min=-0.102859 max=0.093271 mean=0.000002
[gguf] loaded Wo from 'blk.5.attn_output.weight' rows=2048 cols=2048 type=q4_k min=-0.339100 max=0.472601 mean=-0.000007
[gguf] loaded attn_norm from 'blk.5.attn_norm.weight' rows=1 cols=2048 type=f32 min=0.000070 max=0.753906 mean=0.279993
[gguf] loaded ffn_norm from 'blk.5.ffn_norm.weight' rows=1 cols=2048 type=f32 min=-0.000055 max=0.242188 mean=0.215957
[gguf] loaded Wffn_gate from 'blk.5.ffn_gate.weight' rows=5632 cols=2048 type=q4_k min=-0.445324 max=0.666697 mean=-0.000040
[gguf] loaded Wffn_up from 'blk.5.ffn_up.weight' rows=5632 cols=2048 type=q4_k min=-0.302090 max=0.336671 mean=0.000001
[gguf] loaded Wffn_down from 'blk.5.ffn_down.weight' rows=2048 cols=5632 type=q4_k min=-0.692619 max=0.333220 mean=0.000003
[gguf] dequantized Wq from 'blk.6.attn_q.weight' rows=2048 cols=2048 type=q4_k min=-0.333572 max=0.325485 mean=0.000001
[gguf] dequantized Wk from 'blk.6.attn_k.weight' rows=256 cols=2048 type=q4_k min=-0.359768 max=0.407386 mean=0.000109
[gguf] dequantized Wv from 'blk.6.attn_v.weight' rows=256 cols=2048 type=q4_k min=-0.066450 max=0.057581 mean=-0.000008
[gguf] loaded Wo from 'blk.6.attn_output.weight' rows=2048 cols=2048 type=q4_k min=-0.423935 max=0.421343 mean=0.000000
[gguf] loaded attn_norm from 'blk.6.attn_norm.weight' rows=1 cols=2048 type=f32 min=-0.000269 max=0.738281 mean=0.268049
[gguf] loaded ffn_norm from 'blk.6.ffn_norm.weight' rows=1 cols=2048 type=f32 min=-0.000042 max=0.248047 mean=0.225121
[gguf] loaded Wffn_gate from 'blk.6.ffn_gate.weight' rows=5632 cols=2048 type=q4_k min=-0.448448 max=0.364094 mean=0.000036
[gguf] loaded Wffn_up from 'blk.6.ffn_up.weight' rows=5632 cols=2048 type=q4_k min=-0.278297 max=0.358927 mean=-0.000007
[gguf] loaded Wffn_down from 'blk.6.ffn_down.weight' rows=2048 cols=5632 type=q4_k min=-0.523430 max=0.607544 mean=-0.000009
[gguf] dequantized Wq from 'blk.7.attn_q.weight' rows=2048 cols=2048 type=q4_k min=-0.480412 max=0.570834 mean=-0.000028
[gguf] dequantized Wk from 'blk.7.attn_k.weight' rows=256 cols=2048 type=q4_k min=-0.430424 max=0.481147 mean=0.000015
[gguf] dequantized Wv from 'blk.7.attn_v.weight' rows=256 cols=2048 type=q6_k min=-0.090332 max=0.098145 mean=-0.000020
[gguf] loaded Wo from 'blk.7.attn_output.weight' rows=2048 cols=2048 type=q4_k min=-0.360729 max=0.324900 mean=0.000007
[gguf] loaded attn_norm from 'blk.7.attn_norm.weight' rows=1 cols=2048 type=f32 min=-0.000044 max=0.800781 mean=0.307031
[gguf] loaded ffn_norm from 'blk.7.ffn_norm.weight' rows=1 cols=2048 type=f32 min=-0.000116 max=0.267578 mean=0.238367
[gguf] loaded Wffn_gate from 'blk.7.ffn_gate.weight' rows=5632 cols=2048 type=q4_k min=-0.338139 max=0.376661 mean=0.000047
[gguf] loaded Wffn_up from 'blk.7.ffn_up.weight' rows=5632 cols=2048 type=q4_k min=-0.372746 max=0.322863 mean=0.000005
[gguf] loaded Wffn_down from 'blk.7.ffn_down.weight' rows=2048 cols=5632 type=q6_k min=-0.679733 max=1.015625 mean=0.000001
[gguf] dequantized Wq from 'blk.8.attn_q.weight' rows=2048 cols=2048 type=q4_k min=-0.397499 max=0.455284 mean=-0.000041
[gguf] dequantized Wk from 'blk.8.attn_k.weight' rows=256 cols=2048 type=q4_k min=-0.446766 max=0.393263 mean=-0.000020
[gguf] dequantized Wv from 'blk.8.attn_v.weight' rows=256 cols=2048 type=q6_k min=-0.072609 max=0.089401 mean=-0.000015
[gguf] loaded Wo from 'blk.8.attn_output.weight' rows=2048 cols=2048 type=q4_k min=-0.436192 max=0.688431 mean=-0.000009
[gguf] loaded attn_norm from 'blk.8.attn_norm.weight' rows=1 cols=2048 type=f32 min=0.000059 max=1.273438 mean=0.318792
[gguf] loaded ffn_norm from 'blk.8.ffn_norm.weight' rows=1 cols=2048 type=f32 min=-0.000012 max=0.294922 mean=0.264516
[gguf] loaded Wffn_gate from 'blk.8.ffn_gate.weight' rows=5632 cols=2048 type=q4_k min=-0.349915 max=0.535717 mean=0.000047
[gguf] loaded Wffn_up from 'blk.8.ffn_up.weight' rows=5632 cols=2048 type=q4_k min=-0.286469 max=0.350007 mean=-0.000000
[gguf] loaded Wffn_down from 'blk.8.ffn_down.weight' rows=2048 cols=5632 type=q6_k min=-0.664124 max=0.486328 mean=0.000006
[gguf] dequantized Wq from 'blk.9.attn_q.weight' rows=2048 cols=2048 type=q4_k min=-0.389088 max=0.346172 mean=-0.000004
[gguf] dequantized Wk from 'blk.9.attn_k.weight' rows=256 cols=2048 type=q4_k min=-0.373947 max=0.353851 mean=0.000085
[gguf] dequantized Wv from 'blk.9.attn_v.weight' rows=256 cols=2048 type=q6_k min=-0.062256 max=0.058838 mean=0.000009
[gguf] loaded Wo from 'blk.9.attn_output.weight' rows=2048 cols=2048 type=q4_k min=-0.319153 max=0.224916 mean=-0.000004
