[main] square-weight transpose mode: wq=on wk=on wv=off wo=off
[minxfmr] gguf meta layers=22 ctx=2048 embd=2048 head=32 head_kv=4
[gguf] loaded token embedding from 'token_embd.weight' rows=32000 cols=2048 type=q4_k min=-0.117399 max=0.150171 mean=-0.000005
[minxfmr] loaded token embedding rows=32000 cols=2048
[gguf] dequantized Wq from 'blk.0.attn_q.weight' rows=2048 cols=2048 type=q4_k min=-1.585190 max=1.030758 mean=-0.000012
[gguf] dequantized Wk from 'blk.0.attn_k.weight' rows=256 cols=2048 type=q4_k min=-3.106934 max=1.184326 mean=-0.000101
[gguf] dequantized Wv from 'blk.0.attn_v.weight' rows=256 cols=2048 type=q6_k min=-0.067406 max=0.062012 mean=0.000011
[gguf] loaded Wo from 'blk.0.attn_output.weight' rows=2048 cols=2048 type=q4_k min=-0.337177 max=0.369265 mean=-0.000001
[gguf] loaded attn_norm from 'blk.0.attn_norm.weight' rows=1 cols=2048 type=f32 min=-0.582031 max=0.769531 mean=0.005780
[gguf] loaded ffn_norm from 'blk.0.ffn_norm.weight' rows=1 cols=2048 type=f32 min=-0.000402 max=0.738281 mean=0.074584
[gguf] loaded Wffn_gate from 'blk.0.ffn_gate.weight' rows=5632 cols=2048 type=q4_k min=-0.493629 max=0.293089 mean=-0.000026
[gguf] loaded Wffn_up from 'blk.0.ffn_up.weight' rows=5632 cols=2048 type=q4_k min=-0.161860 max=0.170170 mean=-0.000006
[gguf] loaded Wffn_down from 'blk.0.ffn_down.weight' rows=2048 cols=5632 type=q6_k min=-0.523438 max=0.414062 mean=0.000004
[gguf] dequantized Wq from 'blk.1.attn_q.weight' rows=2048 cols=2048 type=q4_k min=-0.600815 max=0.546908 mean=-0.000004
[gguf] dequantized Wk from 'blk.1.attn_k.weight' rows=256 cols=2048 type=q4_k min=-0.630135 max=0.669956 mean=-0.000022
[gguf] dequantized Wv from 'blk.1.attn_v.weight' rows=256 cols=2048 type=q6_k min=-0.089844 max=0.088379 mean=0.000009
[gguf] loaded Wo from 'blk.1.attn_output.weight' rows=2048 cols=2048 type=q4_k min=-0.515739 max=0.359798 mean=-0.000006
[gguf] loaded attn_norm from 'blk.1.attn_norm.weight' rows=1 cols=2048 type=f32 min=-0.006958 max=0.550781 mean=0.040503
[gguf] loaded ffn_norm from 'blk.1.ffn_norm.weight' rows=1 cols=2048 type=f32 min=-0.000870 max=0.349609 mean=0.128381
[gguf] loaded Wffn_gate from 'blk.1.ffn_gate.weight' rows=5632 cols=2048 type=q4_k min=-0.481853 max=0.337145 mean=-0.000003
[gguf] loaded Wffn_up from 'blk.1.ffn_up.weight' rows=5632 cols=2048 type=q4_k min=-0.259312 max=0.251719 mean=-0.000008
[gguf] loaded Wffn_down from 'blk.1.ffn_down.weight' rows=2048 cols=5632 type=q6_k min=-0.574219 max=0.519531 mean=0.000002
[gguf] dequantized Wq from 'blk.2.attn_q.weight' rows=2048 cols=2048 type=q4_k min=-0.490505 max=0.502780 mean=0.000020
[gguf] dequantized Wk from 'blk.2.attn_k.weight' rows=256 cols=2048 type=q4_k min=-0.666183 max=0.565357 mean=0.000075
[gguf] dequantized Wv from 'blk.2.attn_v.weight' rows=256 cols=2048 type=q4_k min=-0.070476 max=0.068002 mean=-0.000018
[gguf] loaded Wo from 'blk.2.attn_output.weight' rows=2048 cols=2048 type=q4_k min=-0.588799 max=0.588522 mean=-0.000007
[gguf] loaded attn_norm from 'blk.2.attn_norm.weight' rows=1 cols=2048 type=f32 min=-0.000198 max=0.675781 mean=0.084601
[gguf] loaded ffn_norm from 'blk.2.ffn_norm.weight' rows=1 cols=2048 type=f32 min=-0.000473 max=0.240234 mean=0.167360
[gguf] loaded Wffn_gate from 'blk.2.ffn_gate.weight' rows=5632 cols=2048 type=q4_k min=-1.177597 max=0.963707 mean=-0.000051
[gguf] loaded Wffn_up from 'blk.2.ffn_up.weight' rows=5632 cols=2048 type=q4_k min=-0.411678 max=0.342931 mean=-0.000007
[gguf] loaded Wffn_down from 'blk.2.ffn_down.weight' rows=2048 cols=5632 type=q4_k min=-0.833450 max=0.532192 mean=-0.000000
[gguf] dequantized Wq from 'blk.3.attn_q.weight' rows=2048 cols=2048 type=q4_k min=-0.270126 max=0.326697 mean=-0.000026
[gguf] dequantized Wk from 'blk.3.attn_k.weight' rows=256 cols=2048 type=q4_k min=-0.410957 max=0.431297 mean=0.000068
[gguf] dequantized Wv from 'blk.3.attn_v.weight' rows=256 cols=2048 type=q4_k min=-0.070295 max=0.083329 mean=-0.000006
[gguf] loaded Wo from 'blk.3.attn_output.weight' rows=2048 cols=2048 type=q4_k min=-0.352318 max=0.346250 mean=0.000003
